<?xml version="1.0" encoding="UTF-8"?>
<!-- Generated by org.testng.reporters.JUnitReportReporter -->
<testsuite hostname="LAPTOP-3V9D4NU2" failures="0" tests="3" name="test.TestClass1" time="10.701" errors="0" timestamp="2025-03-29T13:12:59 IST" skipped="0">
  <testcase classname="test.TestClass1" name="Test3" time="3.182"/>
  <system-out/>
  <testcase classname="test.TestClass1" name="Test1" time="3.263"/>
  <system-out/>
  <testcase classname="test.TestClass1" name="Test2" time="4.256"/>
  <system-out/>
</testsuite> <!-- test.TestClass1 -->
