<?xml version="1.0" encoding="UTF-8"?>
<!-- Generated by org.testng.reporters.JUnitReportReporter -->
<testsuite hostname="LAPTOP-3V9D4NU2" failures="0" tests="3" name="test.TestClass1" time="9.649" errors="0" timestamp="2025-03-29T16:07:32 IST" skipped="0">
  <testcase classname="test.TestClass1" name="Test1" time="4.691"/>
  <system-out/>
  <testcase classname="test.TestClass1" name="Test3" time="2.574"/>
  <system-out/>
  <testcase classname="test.TestClass1" name="Test2" time="2.384"/>
  <system-out/>
</testsuite> <!-- test.TestClass1 -->
